数据统计时间 Thu Jul 28 14:34:27 2022
组别名称 dict_keys(['本科生 创意1组', '本科生 创意2组'])
平均分 84.27826086956523
8个组平均分 [84.31882352941179, 84.23885714285716]
总队数 69 [34, 35]
计算规则：最终成绩 = 专家评审平均分数 * （全部参赛项目平均分数 / 项目所在组平均分数）
+------+----------------------------------------------------------+------------------------------------+-----------+----------------+-------------------+---------+
| Star |                           name                           |             score_list             | ave_score |     group      |    final_score    | ranking |
+------+----------------------------------------------------------+------------------------------------+-----------+----------------+-------------------+---------+
|     |         三生万木潮拼玩具 ——新时代榫卯创新领航者          | [96.78, 92.36, 90.13, 90.0, 88.05] |   91.46   | 本科生 创意2组 |  91.5027815021114 |   1/69  |
|      |         “芯”希望——先进国产芯片通用测试技术开拓者         | [95.69, 92.19, 89.78, 87.55, 86.0] |   90.24   | 本科生 创意2组 | 90.28221083261026 |   2/69  |
|      |          全健民康—基于亲和小体的肝癌早筛先行者           | [92.15, 90.55, 90.0, 88.67, 87.67] |   89.81   | 本科生 创意2组 |  89.8520096949992 |   3/69  |
|      |           稳柔“管”家—多模态智能柔性管道机器人            | [93.1, 92.35, 90.11, 87.65, 84.84] |   89.61   | 本科生 创意1组 | 89.56689195132589 |   4/69  |
|      |    问鼎智井——险情预警物联网井盖，地下有限空间的守护者    | [93.0, 90.88, 90.46, 85.55, 84.69] |   88.92   | 本科生 创意2组 | 88.96159338692048 |   5/69  |
|      |          妙不可"盐"---多品种食用盐助力减盐行动           | [95.0, 87.34, 87.23, 86.65, 83.55] |   87.95   | 本科生 创意2组 | 87.99113965789087 |   6/69  |
|      |              核安——HPV居家检测 守护宫颈健康              | [91.33, 89.36, 86.0, 85.69, 85.55] |   87.59   | 本科生 创意2组 | 87.63097126361184 |   7/69  |
|      |                   Doit-笃易智能美缝机                    | [91.0, 89.36, 88.85, 86.51, 81.55] |   87.45   | 本科生 创意2组 | 87.49090577694778 |   8/69  |
|     |             海澹科技——全球激光海洋探测领导者             | [92.11, 90.21, 87.67, 84.12, 83.3] |   87.48   | 本科生 创意1组 |  87.4379166153553 |   9/69  |
|      |    高精度传感器“灵魂”——国内首款超低损耗声光调制器芯片    | [88.67, 88.52, 88.47, 88.4, 83.11] |   87.43   | 本科生 创意1组 | 87.38794066850154 |  10/69  |
|     |                   城市电气智能消防系统                   | [91.11, 90.4, 86.78, 84.69, 83.83] |   87.36   | 本科生 创意1组 | 87.31797434290625 |  11/69  |
|      |        “后生”可畏—用中国“肽”度实现抗衰保湿白科技         | [88.65, 88.11, 87.7, 85.56, 85.23] |   87.05   | 本科生 创意1组 | 87.00812347241288 |  12/69  |
|      |             “凝静致远”——节能气凝胶材料创新者             | [90.85, 90.0, 88.03, 86.12, 78.55] |   86.71   | 本科生 创意2组 | 86.75055963315198 |  13/69  |
|     |             TickTest生物——一站式智能检疫平台             | [91.0, 88.55, 86.38, 84.23, 81.68] |   86.37   | 本科生 创意2组 | 86.41040059411068 |  14/69  |
|      |   潮生基因——RNA高纯提取与室温保存试剂盒（四相纯化法）    | [90.11, 87.64, 85.8, 85.55, 83.16] |   86.45   | 本科生 创意1组 | 86.40841211016765 |  15/69  |
|      |      一种用于消化道健康监测及治疗的磁控内窥镜机器人      | [88.32, 88.2, 86.67, 85.89, 83.11] |   86.44   | 本科生 创意1组 | 86.39841692079689 |  16/69  |
|      |         用心制“罩”——致力于研发光催化长效灭菌口罩         | [90.22, 90.0, 87.63, 84.01, 79.55] |   86.28   | 本科生 创意2组 | 86.32035849554093 |  17/69  |
|      |                         碳米科技                         | [90.12, 88.36, 87.77, 83.55, 79.0] |   85.76   | 本科生 创意2组 | 85.80011525936011 |  18/69  |
|      |          砥砺琢磨——多维异构智能传感引导打磨系统          | [88.11, 87.32, 86.13, 84.23, 83.4] |   85.84   | 本科生 创意1组 | 85.79870555855166 |  19/69  |
|      |             “智”引者-便携式飞机助推牵引装备              | [88.55, 87.96, 86.45, 82.13, 82.0] |   85.42   | 本科生 创意2组 |  85.4599562203188 |  20/69  |
|      |       ARK智慧医疗舱——开启装配式智慧方舱医院新时代        | [88.0, 85.34, 84.69, 84.55, 83.46] |   85.21   | 本科生 创意2组 |  85.2498579903227 |  21/69  |
|      | “彩迁”科技——国内首个高效无标记的细胞病理切片虚拟染色平台 | [88.23, 85.11, 84.67, 84.45, 83.5] |   85.19   | 本科生 创意1组 | 85.14901824945265 |  22/69  |
|      |                “随耕大漠”智能一体化植树车                | [89.87, 86.36, 84.62, 83.23, 81.0] |   85.02   | 本科生 创意2组 | 85.05976911556432 |  23/69  |
|      |        Mars-α：面向膜乳化领域全流程解决方案提供商        | [92.2, 85.36, 84.39, 82.11, 80.23] |   84.86   | 本科生 创意1组 | 84.81917700021778 |  24/69  |
|      |        癌泌获——国际领先的癌症早诊外泌体捕获试剂盒        | [87.71, 86.4, 85.62, 83.22, 81.11] |   84.81   | 本科生 创意1组 |  84.769201053364  |  25/69  |
|      |      无限深蓝——面向国家海洋开发战略的虾产品深度开发      | [87.2, 86.52, 84.11, 83.56, 82.56] |   84.79   | 本科生 创意1组 |  84.7492106746225 |  26/69  |
|      |   "盒"你一起收纳新鲜——聚乳酸基植物纤维：物流绿色化发展   | [90.45, 86.66, 85.47, 81.44, 79.0] |    84.6   | 本科生 创意2组 | 84.63957265557211 |  27/69  |
|      |        搭桥“嵌纤”-新型碳纤维复合材料桥梁结构加固         | [86.12, 86.11, 85.6, 84.25, 81.34] |   84.68   | 本科生 创意1组 |  84.6392635915442 |  28/69  |
|     |      “醇风致远”一种提升电动汽车冬季续航的热管理技术      | [86.15, 85.78, 84.5, 84.11, 82.52] |   84.61   | 本科生 创意1组 | 84.56929726594892 |  29/69  |
|      |                    AIE柔性纱线传感器                     | [86.45, 86.0, 83.95, 83.78, 81.55] |   84.35   | 本科生 创意2组 | 84.38945571510055 |  30/69  |
|     |                淀粉基凝胶食品增韧的革命者                | [86.24, 84.77, 83.96, 83.55, 83.0] |    84.3   | 本科生 创意2组 | 84.33943232700625 |  31/69  |
|      |                iPrawn——对虾智慧养殖引领者                | [87.6, 86.21, 85.11, 81.23, 80.97] |   84.22   | 本科生 创意1组 | 84.17948488048951 |  32/69  |
|      |                 汽车外部SRS主动防撞装置                  | [87.6, 84.32, 84.11, 82.81, 82.11] |   84.19   | 本科生 创意1组 | 84.14949931237726 |  33/69  |
|      |            奥图智冷—自动化冷库综合服务提供商             | [87.11, 84.5, 84.12, 83.13, 81.33] |   84.04   | 本科生 创意1组 | 83.99957147181595 |  34/69  |
|      |               慧眼视疑—制造业质量检测先锋                | [85.42, 85.13, 83.59, 83.11, 82.4] |   83.93   | 本科生 创意1组 | 83.88962438873766 |  35/69  |
|      |             "机"破障碍，为航空发动机保驾护航             | [88.11, 83.65, 83.43, 83.23, 80.5] |   83.78   | 本科生 创意1组 | 83.73969654817635 |  36/69  |
|      |       和虾——精准绘制对虾服务网，科技助力养殖产业链       | [85.0, 84.63, 84.32, 82.55, 81.22] |   83.54   | 本科生 创意2组 | 83.57907682797276 |  37/69  |
|     |             Z.U.E.S: 应急响应无人机蜂群系统              | [85.3, 85.12, 84.65, 84.42, 78.11] |   83.52   | 本科生 创意1组 | 83.47982162453674 |  38/69  |
|      |             油霸—油水分离“膜”法迭代的引领者              | [85.31, 85.26, 83.45, 82.55, 80.0] |   83.31   | 本科生 创意2组 | 83.34896924273893 |  39/69  |
|      |          面向助老康复的柔性步行辅助外骨骼机器人          | [85.11, 84.3, 83.66, 82.23, 81.34] |   83.33   | 本科生 创意1组 | 83.28991302649241 |  40/69  |
|      |    白杨碳管理—数智赋能个人碳足迹管理平台的搭建与运营     | [87.2, 83.65, 83.12, 82.56, 80.11] |   83.33   | 本科生 创意1组 | 83.28991302649241 |  41/69  |
|      |    Super香香米——基于天然植物精油的即食米饭保鲜新技术     | [86.8, 86.67, 83.65, 80.11, 78.91] |   83.23   | 本科生 创意1组 | 83.18996113278489 |  42/69  |
|      |         "多维空间"--用光电技术改变信息存储的格局         | [86.11, 84.32, 83.17, 81.17, 80.7] |   83.09   | 本科生 创意1组 | 83.05002848159432 |  43/69  |
|      |       MSE增材前驱—增材制造大尺度连续梯度高强铝合金       | [85.78, 83.2, 82.22, 82.13, 82.11] |   83.09   | 本科生 创意1组 | 83.05002848159432 |  44/69  |
|      |                   助力出行——智安爬行椅                   | [88.0, 83.45, 82.55, 80.67, 80.36] |   83.01   | 本科生 创意2组 | 83.04882891417307 |  45/69  |
|      |               “援”来—空中应急救援的引领者                | [85.3, 84.11, 82.63, 82.55, 80.14] |   82.95   | 本科生 创意1组 | 82.91009583040378 |  46/69  |
|      |             水产C.A智能养殖船与数值分析平台              | [86.11, 83.63, 82.1, 81.56, 81.31] |   82.94   | 本科生 创意1组 | 82.90010064103302 |  47/69  |
|      |           ApplyOffer——数字化校园精准就业赋能者           | [87.8, 83.11, 82.88, 82.11, 77.36] |   82.65   | 本科生 创意1组 | 82.61024014928117 |  48/69  |
|      |  ICHU智能急救箱——搭载院外自救互救平台的院外急救体系构建  | [85.91, 83.11, 82.1, 82.02, 80.01] |   82.63   | 本科生 创意1组 | 82.59024977053964 |  49/69  |
|      |             ”攀登者“--攀爬式高空作业机体平台             | [86.11, 85.12, 82.1, 80.07, 79.27] |   82.53   | 本科生 创意1组 |  82.4902978768321 |  50/69  |
|      |                智能模块化胶囊内窥镜机器人                | [84.36, 84.31, 83.91, 82.55, 77.0] |   82.43   | 本科生 创意2组 | 82.46855761227907 |  51/69  |
|      |               护康科技——双臂护理移乘机器人               | [84.5, 84.25, 83.12, 80.33, 80.11] |   82.46   | 本科生 创意1组 | 82.42033155123683 |  52/69  |
|      |       MindCo脑电捕捉--无线可穿戴脑机接口设备先行者       | [85.14, 83.18, 82.01, 82.0, 79.55] |   82.38   | 本科生 创意2组 | 82.41853422418475 |  53/69  |
|      |       贯贝科技-新型高效MILD燃烧技术与装备的拓荒者        | [85.0, 82.11, 81.89, 81.55, 81.36] |   82.38   | 本科生 创意2组 | 82.41853422418475 |  54/69  |
|      |               镓检法则—氧化镓紫外线探测器                | [85.36, 83.55, 82.69, 80.12, 80.0] |   82.34   | 本科生 创意2组 | 82.37851551370932 |  55/69  |
|      |                    PROTAC靶向药物开发                    | [85.66, 83.65, 82.55, 80.0, 79.56] |   82.28   | 本科生 创意2组 | 82.31848744799615 |  56/69  |
|      |            “健行飞跃”——多功能仿生助行蹬梯拐杖            | [84.1, 83.22, 83.11, 83.01, 77.23] |   82.13   | 本科生 创意1组 | 82.09049030200195 |  57/69  |
|      |        峰和新材 — 生物基复合水凝胶二氧化碳吸附剂         | [84.33, 83.0, 82.37, 80.36, 79.55] |   81.92   | 本科生 创意2组 | 81.95831905371712 |  58/69  |
|      |            识易科技——一站式隐私信息识别领航者            | [86.35, 82.78, 82.75, 81.55, 76.0] |   81.89   | 本科生 创意2组 | 81.92830502086053 |  59/69  |
|      |          滴“水”不漏——便携式超声膀胱尿量检测装置          | [85.55, 83.35, 81.45, 80.0, 79.01] |   81.87   | 本科生 创意2组 | 81.90829566562282 |  60/69  |
|      |        诊智-基于深度学习的阿尔茨海默智能检测系统         | [82.65, 82.55, 81.84, 81.03, 81.0] |   81.81   | 本科生 创意2组 | 81.84826759990963 |  61/69  |
|      |            具有“触感反馈”的可交互式智能机械手            | [85.23, 83.92, 81.09, 80.11, 78.5] |   81.77   | 本科生 创意1组 |  81.7306634846548 |  62/69  |
|      |          精艺电子——国内首创电路板竞逐定位检测仪          | [84.39, 82.43, 80.55, 80.45, 80.0] |   81.56   | 本科生 创意2组 | 81.59815065943808 |  63/69  |
|      | 食常鲜——基于超声补水和无菌混冷的多功能真空冷却技术领跑者 | [84.32, 81.02, 80.0, 79.55, 79.36] |   80.85   | 本科生 创意2组 | 80.88781854849887 |  64/69  |
|      |                     智能越障运载装置                     | [84.21, 81.5, 80.11, 79.11, 77.21] |   80.43   | 本科生 创意1组 | 80.39130810897379 |  65/69  |
|      |        汽车的”救生圈“-VADA车辆落水防沉隐藏式气囊         | [82.35, 81.28, 80.0, 79.65, 77.55] |   80.17   | 本科生 创意2组 | 80.20750047041628 |  66/69  |
|      |       “水雾化幕，御火为安”——高压细水雾防火水幕系统       | [83.68, 80.97, 80.55, 80.01, 75.0] |   80.04   | 本科生 创意2组 | 80.07743966137107 |  67/69  |
|      |                         好梦腕带                         | [81.66, 81.55, 80.65, 79.55, 75.0] |   79.68   | 本科生 创意2组 | 79.71727126709204 |  68/69  |
|      |           "源“来如此：智能全自动一体化雨水净化           | [82.35, 81.44, 80.97, 77.55, 75.0] |   79.46   | 本科生 创意2组 | 79.49716835947707 |  69/69  |
+------+----------------------------------------------------------+------------------------------------+-----------+----------------+-------------------+---------+