数据统计时间 Thu Jul 28 20:11:33 2022
组别名称 dict_keys(['本科生 创意1组', '本科生 创意2组', '研究生创意 本研初创组', '红旅'])
平均分 85.37117647058825
8个组平均分 [84.26305555555558, 84.20638888888891, 87.985, 86.46555555555554]
总队数 119 [36, 36, 20, 27]
计算规则：最终成绩 = 专家评审平均分数 * （全部参赛项目平均分数 / 项目所在组平均分数）
+------+--------------------------------------------------------------+-------------------------------------+-----------+-----------------------+-------------------+---------+
| Star |                             name                             |              score_list             | ave_score |         group         |    final_score    | ranking |
+------+--------------------------------------------------------------+-------------------------------------+-----------+-----------------------+-------------------+---------+
|     |           三生万木潮拼玩具 ——新时代榫卯创新领航者            |  [96.78, 92.36, 90.13, 90.0, 88.05] |   91.46   |     本科生 创意2组    | 92.72512339061102 |  1/119  |
|      |           “芯”希望——先进国产芯片通用测试技术开拓者           |  [95.69, 92.19, 89.78, 87.55, 86.0] |   90.24   |     本科生 创意2组    | 91.48824770138573 |  2/119  |
|      |            全健民康—基于亲和小体的肝癌早筛先行者             |  [92.15, 90.55, 90.0, 88.67, 87.67] |   89.81   |     本科生 创意2组    | 91.05229971256043 |  3/119  |
|      |             稳柔“管”家—多模态智能柔性管道机器人              |  [93.1, 92.35, 90.11, 87.65, 84.84] |   89.61   |     本科生 创意1组    | 90.78843715186198 |  4/119  |
|      |      问鼎智井——险情预警物联网井盖，地下有限空间的守护者      |  [93.0, 90.88, 90.46, 85.55, 84.69] |   88.92   |     本科生 创意2组    | 90.14998875894526 |  5/119  |
|      |                     稻香情 —金稻脱“壳”记                     | [94.11, 93.41, 93.21, 90.19, 82.16] |   90.62   |          红旅         | 89.47303885411324 |  6/119  |
|      |              助残筑梦-“艺”起点亮残疾人梦想之光               | [94.03, 91.66, 89.98, 89.92, 86.72] |   90.46   |          红旅         | 89.31506394552066 |  7/119  |
|      |            妙不可"盐"---多品种食用盐助力减盐行动             |  [95.0, 87.34, 87.23, 86.65, 83.55] |   87.95   |     本科生 创意2组    | 89.16657120275792 |  8/119  |
|     |             贝安居——国内气凝胶建筑保温行业引领者             |  [98.18, 94.24, 89.25, 88.67, 88.0] |   91.67   | 研究生创意 本研初创组 | 88.94670395020545 |  9/119  |
|      |                核安——HPV居家检测 守护宫颈健康                |  [91.33, 89.36, 86.0, 85.69, 85.55] |   87.59   |     本科生 创意2组    | 88.80159149118326 |  10/119 |
|      |                     Doit-笃易智能美缝机                      |  [91.0, 89.36, 88.85, 86.51, 81.55] |   87.45   |     本科生 创意2组    | 88.65965493668199 |  11/119 |
|     |               海澹科技——全球激光海洋探测领导者               |  [92.11, 90.21, 87.67, 84.12, 83.3] |   87.48   |     本科生 创意1组    |  88.630426091339  |  12/119 |
|      |      高精度传感器“灵魂”——国内首款超低损耗声光调制器芯片      |  [88.67, 88.52, 88.47, 88.4, 83.11] |   87.43   |     本科生 创意1组    |  88.579768554707  |  13/119 |
|     |                     城市电气智能消防系统                     |  [91.11, 90.4, 86.78, 84.69, 83.83] |   87.36   |     本科生 创意1组    |  88.5088480034222 |  14/119 |
|      |          “后生”可畏—用中国“肽”度实现抗衰保湿白科技           |  [88.65, 88.11, 87.7, 85.56, 85.23] |   87.05   |     本科生 创意1组    | 88.19477127630383 |  15/119 |
|      | “猪源动力”--世界机器人化克隆先行者，中国乡村产业振兴“猪”动力 | [92.33, 91.39, 89.52, 87.76, 84.58] |   89.12   |          红旅         | 87.99202408605795 |  16/119 |
|      |               钟鼎智能包装—助力双碳和抗疫先锋                |  [95.18, 93.21, 89.0, 88.26, 87.68] |   90.67   | 研究生创意 本研初创组 | 87.97641155410851 |  17/119 |
|      |               “凝静致远”——节能气凝胶材料创新者               |  [90.85, 90.0, 88.03, 86.12, 78.55] |   86.71   |     本科生 创意2组    |  87.9094188628896 |  18/119 |
|      |     潮生基因——RNA高纯提取与室温保存试剂盒（四相纯化法）      |  [90.11, 87.64, 85.8, 85.55, 83.16] |   86.45   |     本科生 创意1组    | 87.58688083671989 |  19/119 |
|      |        一种用于消化道健康监测及治疗的磁控内窥镜机器人        |  [88.32, 88.2, 86.67, 85.89, 83.11] |   86.44   |     本科生 创意1组    | 87.57674932939348 |  20/119 |
|     |               TickTest生物——一站式智能检疫平台               |  [91.0, 88.55, 86.38, 84.23, 81.68] |   86.37   |     本科生 创意2组    | 87.56471580195796 |  21/119 |
|      |           用心制“罩”——致力于研发光催化长效灭菌口罩           |  [90.22, 90.0, 87.63, 84.01, 79.55] |   86.28   |     本科生 创意2组    | 87.47347087406429 |  22/119 |
|      |   一站“稻”底，妙不“壳”言：稻壳基功能材料开发与应用的先行者   |  [91.7, 89.11, 86.18, 83.78, 80.56] |   86.27   |     本科生 创意1组    | 87.40451370484469 |  23/119 |
|      |                  生物医疗实验耗材综合服务商                  |  [95.16, 93.65, 88.0, 87.88, 85.58] |   90.05   | 研究生创意 本研初创组 | 87.37483026852841 |  24/119 |
|      |             广仁巷—全国首个孤独症儿童沉浸式社会              |  [91.99, 90.71, 89.1, 88.89, 81.65] |   88.47   |          红旅         | 87.35025101990067 |  25/119 |
|      |               长城智科—数字！ 激活小卖店生命力               |  [93.28, 93.0, 90.57, 86.54, 85.45] |   89.77   | 研究生创意 本研初创组 | 87.10314839762127 |  26/119 |
|      |            砥砺琢磨——多维异构智能传感引导打磨系统            |  [88.11, 87.32, 86.13, 84.23, 83.4] |   85.84   |     本科生 创意1组    | 86.96885888980955 |  27/119 |
|     |           Calino-可利农人工智能监测与数据挖掘系统            |  [97.16, 88.14, 88.0, 87.98, 86.88] |   89.63   | 研究生创意 本研初创组 |  86.9673074621677 |  28/119 |
|      |                           碳米科技                           |  [90.12, 88.36, 87.77, 83.55, 79.0] |   85.76   |     本科生 创意2组    | 86.94627795734532 |  29/119 |
|      |                 校军融合-强军人才培养前哨站                  | [91.36, 91.35, 88.12, 85.15, 84.33] |   88.06   |          红旅         | 86.94544031663222 |  30/119 |
|      |            寰海星猎——中国珊瑚生态高质量保护先行者            | [91.02, 90.12, 88.43, 85.35, 84.35] |   87.85   |          红旅         | 86.73809824910448 |  31/119 |
|      |                  “奇府”—干细胞仿生赋能系统                   |  [92.14, 90.0, 88.39, 88.34, 87.68] |   89.31   | 研究生创意 本研初创组 | 86.65681389541669 |  32/119 |
|      |               “智”引者-便携式飞机助推牵引装备                |  [88.55, 87.96, 86.45, 82.13, 82.0] |   85.42   |     本科生 创意2组    | 86.60157489641367 |  33/119 |
|     |                    5G毫米波双频收发机芯片                    |  [96.68, 91.17, 88.77, 87.96, 81.0] |   89.12   | 研究生创意 本研初创组 | 86.47245834015827 |  34/119 |
|      |         ARK智慧医疗舱——开启装配式智慧方舱医院新时代          |  [88.0, 85.34, 84.69, 84.55, 83.46] |   85.21   |     本科生 创意2组    | 86.38867006466177 |  35/119 |
|      |   “彩迁”科技——国内首个高效无标记的细胞病理切片虚拟染色平台   |  [88.23, 85.11, 84.67, 84.45, 83.5] |   85.19   |     本科生 创意1组    | 86.31031091359361 |  36/119 |
|      |           氯之家——国内首创二氧化氯两步缓释消毒技术           |  [94.18, 91.0, 89.24, 85.78, 83.98] |   88.84   | 研究生创意 本研初创组 | 86.20077646925114 |  37/119 |
|      |                  “随耕大漠”智能一体化植树车                  |  [89.87, 86.36, 84.62, 83.23, 81.0] |   85.02   |     本科生 创意2组    | 86.19604188355291 |  38/119 |
|      |         黔程无忧——扶智教育助力乡村旅游的智慧发展之路         | [92.32, 89.88, 89.85, 82.37, 81.62] |   87.21   |          红旅         | 86.10619861473421 |  39/119 |
|      |            BioniCare——仿生学创新脓毒症药物引领者             |  [95.16, 90.54, 88.57, 86.33, 83.0] |   88.72   | 研究生创意 本研初创组 |  86.0843413817195 |  40/119 |
|      |          Mars-α：面向膜乳化领域全流程解决方案提供商          |  [92.2, 85.36, 84.39, 82.11, 80.23] |   84.86   |     本科生 创意1组    | 85.97597117182244 |  41/119 |
|      |          癌泌获——国际领先的癌症早诊外泌体捕获试剂盒          |  [87.71, 86.4, 85.62, 83.22, 81.11] |   84.81   |     本科生 创意1组    | 85.92531363519045 |  42/119 |
|      |        无限深蓝——面向国家海洋开发战略的虾产品深度开发        |  [87.2, 86.52, 84.11, 83.56, 82.56] |   84.79   |     本科生 创意1组    | 85.90505062053765 |  43/119 |
|      |          搭桥“嵌纤”-新型碳纤维复合材料桥梁结构加固           |  [86.12, 86.11, 85.6, 84.25, 81.34] |   84.68   |     本科生 创意1组    | 85.79360403994727 |  44/119 |
|      |     "盒"你一起收纳新鲜——聚乳酸基植物纤维：物流绿色化发展     |  [90.45, 86.66, 85.47, 81.44, 79.0] |    84.6   |     本科生 创意2组    | 85.77023222004911 |  45/119 |
|      |         柚爱智邻——打造社区居家养老健康管理服务生态圈         | [89.59, 88.47, 88.21, 85.67, 82.31] |   86.85   |          红旅         | 85.75075507040096 |  46/119 |
|      |             六尺小花·一茶传世——有故事的小袋绿茶              | [90.01, 89.12, 85.88, 85.55, 83.64] |   86.84   |          红旅         | 85.74088163861391 |  47/119 |
|     |        “醇风致远”一种提升电动汽车冬季续航的热管理技术        |  [86.15, 85.78, 84.5, 84.11, 82.52] |   84.61   |     本科生 创意1组    | 85.72268348866245 |  48/119 |
|      |              “膜”王--细菌纤维素原材料行业开拓者              |  [91.18, 88.34, 88.12, 87.0, 86.95] |   88.32   | 研究生创意 本研初创组 | 85.69622442328073 |  49/119 |
|      |                   “同舟”罕见病多方互助中心                   |  [90.11, 87.25, 86.7, 85.25, 84.05] |   86.67   |          红旅         | 85.57303329823432 |  50/119 |
|      |                      AIE柔性纱线传感器                       |  [86.45, 86.0, 83.95, 83.78, 81.55] |   84.35   |     本科生 创意2组    | 85.51677408701114 |  51/119 |
|     |                  淀粉基凝胶食品增韧的革命者                  |  [86.24, 84.77, 83.96, 83.55, 83.0] |    84.3   |     本科生 创意2组    | 85.46608246040356 |  52/119 |
|      |                 山也市集--绿色生活的市井长巷                 |  [88.88, 88.79, 87.2, 84.23, 83.56] |   86.53   |          红旅         | 85.43480525321583 |  53/119 |
|      |                  大展宏图：公益领域的破壁者                  | [89.67, 88.12, 86.12, 86.02, 82.47] |   86.48   |          红旅         | 85.38543809428066 |  54/119 |
|      |                  iPrawn——对虾智慧养殖引领者                  |  [87.6, 86.21, 85.11, 81.23, 80.97] |   84.22   |     本科生 创意1组    |  85.3275547029329 |  55/119 |
|      |                   汽车外部SRS主动防撞装置                    |  [87.6, 84.32, 84.11, 82.81, 82.11] |   84.19   |     本科生 创意1组    |  85.2971601809537 |  56/119 |
|      |        归根乡村-中药质量快速智能评价体系助力乡村振兴         | [87.21, 87.11, 86.88, 85.79, 84.24] |   86.25   |          红旅         | 85.15834916317884 |  57/119 |
|      |              奥图智冷—自动化冷库综合服务提供商               |  [87.11, 84.5, 84.12, 83.13, 81.33] |   84.04   |     本科生 创意1组    | 85.14518757105772 |  58/119 |
|     |          智医“神工”—全球首款人工神经康复机器人系统           |  [91.28, 91.25, 86.87, 86.0, 83.36] |   87.75   | 研究生创意 本研初创组 | 85.14315775750548 |  59/119 |
|      |       生物制造之“芯”-跨时代的高性能生物催化剂的开创者        |  [89.25, 88.98, 88.66, 87.35, 84.0] |   87.65   | 研究生创意 本研初创组 |  85.0461285178958 |  60/119 |
|      |                 慧眼视疑—制造业质量检测先锋                  |  [85.42, 85.13, 83.59, 83.11, 82.4] |   83.93   |     本科生 创意1组    | 85.03374099046732 |  61/119 |
|      |                工业大脑--工业机器人边缘控制器                |  [90.26, 88.95, 88.0, 85.68, 84.57] |   87.49   | 研究生创意 本研初创组 | 84.89088173452026 |  62/119 |
|      |               "机"破障碍，为航空发动机保驾护航               |  [88.11, 83.65, 83.43, 83.23, 80.5] |   83.78   |     本科生 创意1组    | 84.88176838057134 |  63/119 |
|      |      晶体温度传感—复杂温度场无源分布式温度测量的引领者       |  [91.88, 88.57, 88.25, 87.63, 81.0] |   87.47   | 研究生创意 本研初创组 | 84.87147588659833 |  64/119 |
|      |                           蜂颖硕果                           | [87.77, 87.41, 85.09, 84.93, 84.55] |   85.95   |          红旅         | 84.86214620956778 |  65/119 |
|      |                      确山提琴，坚守有声                      | [88.32, 88.02, 86.98, 84.98, 81.42] |   85.94   |          红旅         | 84.85227277778074 |  66/119 |
|      |       “牦”尽其用，助“牧”青海——基于青海牦牛的全产业规划       | [88.53, 86.91, 86.71, 84.42, 82.75] |   85.86   |          红旅         | 84.77328532348447 |  67/119 |
|      |        和碳安粮——全球首创生物技术助力双碳及荒漠化治理        | [90.21, 85.12, 85.03, 85.01, 83.65] |    85.8   |          红旅         | 84.71404473276225 |  68/119 |
|      |         和虾——精准绘制对虾服务网，科技助力养殖产业链         |  [85.0, 84.63, 84.32, 82.55, 81.22] |   83.54   |     本科生 创意2组    | 84.69556973596814 |  69/119 |
|     |               Z.U.E.S: 应急响应无人机蜂群系统                |  [85.3, 85.12, 84.65, 84.42, 78.11] |   83.52   |     本科生 创意1组    | 84.61834919008496 |  70/119 |
|      |         薪火相传，青少年公益科普教育助力乡村文化振兴         |  [87.9, 86.85, 85.16, 84.75, 83.52] |   85.64   |          红旅         |  84.5560698241697 |  71/119 |
|      |               油霸—油水分离“膜”法迭代的引领者                |  [85.31, 85.26, 83.45, 82.55, 80.0] |   83.31   |     本科生 创意2组    |  84.4623882535732 |  72/119 |
|      |          时阳生物-西部原生植物护肤品创新原料开拓者           | [86.78, 85.49, 85.23, 85.21, 84.84] |   85.51   |          红旅         | 84.42771521093825 |  73/119 |
|      |            面向助老康复的柔性步行辅助外骨骼机器人            |  [85.11, 84.3, 83.66, 82.23, 81.34] |   83.33   |     本科生 创意1组    | 84.42585055088337 |  74/119 |
|      |      白杨碳管理—数智赋能个人碳足迹管理平台的搭建与运营       |  [87.2, 83.65, 83.12, 82.56, 80.11] |   83.33   |     本科生 创意1组    | 84.42585055088337 |  75/119 |
|      |         “梨”不开你-黄果梨的精深加工助推同仁经济发展          | [86.72, 86.25, 85.22, 85.15, 84.17] |    85.5   |          红旅         |  84.4178417791512 |  76/119 |
|      |      Super香香米——基于天然植物精油的即食米饭保鲜新技术       |  [86.8, 86.67, 83.65, 80.11, 78.91] |   83.23   |     本科生 创意1组    | 84.32453547761939 |  77/119 |
|      |                “探索先锋”——陆空两栖搜救机器人                |  [86.0, 84.37, 84.08, 82.36, 78.55] |   83.07   |     本科生 创意2组    | 84.21906844585675 |  78/119 |
|      |              军体融合——红色教育助力绿色乡村振兴              | [88.72, 86.32, 86.21, 83.78, 81.34] |   85.27   |          红旅         | 84.19075284804939 |  79/119 |
|      |           "多维空间"--用光电技术改变信息存储的格局           |  [86.11, 84.32, 83.17, 81.17, 80.7] |   83.09   |     本科生 创意1组    |  84.1826943750498 |  80/119 |
|      |         MSE增材前驱—增材制造大尺度连续梯度高强铝合金         |  [85.78, 83.2, 82.22, 82.13, 82.11] |   83.09   |     本科生 创意1组    |  84.1826943750498 |  81/119 |
|      |                     助力出行——智安爬行椅                     |  [88.0, 83.45, 82.55, 80.67, 80.36] |   83.01   |     本科生 创意2组    | 84.15823849392764 |  82/119 |
|      |                 “援”来—空中应急救援的引领者                  |  [85.3, 84.11, 82.63, 82.55, 80.14] |   82.95   |     本科生 创意1组    | 84.04085327248022 |  83/119 |
|      |           星火燎原——中国城乡儿童军事营地教育先行者           | [90.14, 89.95, 83.58, 81.67, 80.19] |   85.11   |          红旅         | 84.03277793945684 |  84/119 |
|      |               水产C.A智能养殖船与数值分析平台                |  [86.11, 83.63, 82.1, 81.56, 81.31] |   82.94   |     本科生 创意1组    | 84.03072176515381 |  85/119 |
|      |    “智慧空间站”云课堂——从教育扶贫引领者奔向乡村振兴奋进者    | [86.97, 86.94, 84.78, 84.55, 82.23] |   85.09   |          红旅         | 84.01303107588275 |  86/119 |
|      |             ApplyOffer——数字化校园精准就业赋能者             |  [87.8, 83.11, 82.88, 82.11, 77.36] |   82.65   |     本科生 创意1组    | 83.73690805268825 |  87/119 |
|      |    ICHU智能急救箱——搭载院外自救互救平台的院外急救体系构建    |  [85.91, 83.11, 82.1, 82.02, 80.01] |   82.63   |     本科生 创意1组    | 83.71664503803544 |  88/119 |
|      |                         慈慧唐卡艺术                         | [86.91, 85.78, 85.68, 84.92, 80.62] |   84.78   |          红旅         | 83.70695469048466 |  89/119 |
|      |               ”攀登者“--攀爬式高空作业机体平台               |  [86.11, 85.12, 82.1, 80.07, 79.27] |   82.53   |     本科生 创意1组    | 83.61532996477146 |  90/119 |
|      |                  智能模块化胶囊内窥镜机器人                  |  [84.36, 84.31, 83.91, 82.55, 77.0] |   82.43   |     本科生 创意2组    | 83.57021562527954 |  91/119 |
|      |                 护康科技——双臂护理移乘机器人                 |  [84.5, 84.25, 83.12, 80.33, 80.11] |   82.46   |     本科生 创意1组    | 83.54440941348666 |  92/119 |
|      |         MindCo脑电捕捉--无线可穿戴脑机接口设备先行者         |  [85.14, 83.18, 82.01, 82.0, 79.55] |   82.38   |     本科生 创意2组    | 83.51952399867194 |  93/119 |
|      |         贯贝科技-新型高效MILD燃烧技术与装备的拓荒者          |  [85.0, 82.11, 81.89, 81.55, 81.36] |   82.38   |     本科生 创意2组    | 83.51952399867194 |  94/119 |
|      |               科教兴国，筑梦未来——青少年科学院               | [86.21, 85.26, 84.78, 83.62, 82.89] |   84.55   |          红旅         | 83.47986575938285 |  95/119 |
|      |                 镓检法则—氧化镓紫外线探测器                  |  [85.36, 83.55, 82.69, 80.12, 80.0] |   82.34   |     本科生 创意2组    | 83.47897069738588 |  96/119 |
|      |         开启“专创融合”人才培养 打造影像完美制作时代          |  [89.16, 88.65, 86.0, 83.25, 82.98] |   86.01   | 研究生创意 本研初创组 | 83.45484898829683 |  97/119 |
|      |                      PROTAC靶向药物开发                      |  [85.66, 83.65, 82.55, 80.0, 79.56] |   82.28   |     本科生 创意2组    | 83.41814074545677 |  98/119 |
|      |           智疗-全球首创脑功能疾病诊疗智能辅助系统            |  [90.16, 86.15, 85.78, 85.35, 82.0] |   85.89   | 研究生创意 本研初创组 | 83.33841390076519 |  99/119 |
|      |              “健行飞跃”——多功能仿生助行蹬梯拐杖              |  [84.1, 83.22, 83.11, 83.01, 77.23] |   82.13   |     本科生 创意1组    | 83.21006967171549 | 100/119 |
|      | 塔拉慧农牧场——助力畜牧业智能化升级，惠及牧民市民驱动乡村振兴 | [85.79, 85.23, 84.31, 83.75, 82.14] |   84.24   |          红旅         | 83.17378937398476 | 101/119 |
|      |  飞秒光丝激光雷达——全球首家多物态大气污染实时探测服务提供商  |  [89.68, 86.26, 85.68, 84.36, 82.0] |    85.6   | 研究生创意 本研初创组 | 83.05702910589707 | 102/119 |
|      |          峰和新材 — 生物基复合水凝胶二氧化碳吸附剂           |  [84.33, 83.0, 82.37, 80.36, 79.55] |   81.92   |     本科生 创意2组    | 83.05316103388208 | 103/119 |
|      |                 飞机再循环——价值再生”循“航者                 |  [88.15, 87.65, 87.0, 83.32, 81.72] |   85.57   | 研究生创意 本研初创组 | 83.02792033401417 | 104/119 |
|      |              识易科技——一站式隐私信息识别领航者              |  [86.35, 82.78, 82.75, 81.55, 76.0] |   81.89   |     本科生 创意2组    | 83.02274605791753 | 105/119 |
|      |            滴“水”不漏——便携式超声膀胱尿量检测装置            |  [85.55, 83.35, 81.45, 80.0, 79.01] |   81.87   |     本科生 创意2组    | 83.00246940727449 | 106/119 |
|      |          诊智-基于深度学习的阿尔茨海默智能检测系统           |  [82.65, 82.55, 81.84, 81.03, 81.0] |   81.81   |     本科生 创意2组    | 82.94163945534538 | 107/119 |
|      |     “水满净山”-农村家用小型催化氧化生活污水高效处理装置      | [86.11, 85.16, 83.51, 82.76, 82.04] |   83.92   |          红旅         | 82.85783955679965 | 108/119 |
|      |              具有“触感反馈”的可交互式智能机械手              |  [85.23, 83.92, 81.09, 80.11, 78.5] |   81.77   |     本科生 创意1组    | 82.84533540796512 | 109/119 |
|      |         畅行有方--助力城市交通疏堵、节能、减污、降碳         |  [86.73, 86.14, 85.58, 85.16, 83.0] |   85.32   | 研究生创意 本研初创组 | 82.78534723498993 | 110/119 |
|      |            精艺电子——国内首创电路板竞逐定位检测仪            |  [84.39, 82.43, 80.55, 80.45, 80.0] |   81.56   |     本科生 创意2组    | 82.68818132230741 | 111/119 |
|     |                   硅基射频毫米波频率源芯片                   |  [87.69, 86.82, 86.08, 83.68, 80.0] |   84.85   | 研究生创意 本研初创组 | 82.32930980882438 | 112/119 |
|      |   食常鲜——基于超声补水和无菌混冷的多功能真空冷却技术领跑者   |  [84.32, 81.02, 80.0, 79.55, 79.36] |   80.85   |     本科生 创意2组    | 81.96836022447957 | 113/119 |
|      |                       智能越障运载装置                       |  [84.21, 81.5, 80.11, 79.11, 77.21] |   80.43   |     本科生 创意1组    | 81.48771342622766 | 114/119 |
|      |     通古今之音，见流彩敦煌：敦煌壁画数字文创产品设计研发     |  [83.25, 80.6, 80.11, 79.08, 78.78] |   80.36   |     本科生 创意1组    | 81.41679287494287 | 115/119 |
|      |          汽车的”救生圈“-VADA车辆落水防沉隐藏式气囊           |  [82.35, 81.28, 80.0, 79.65, 77.55] |   80.17   |     本科生 创意2组    |  81.2789541026163 | 116/119 |
|      |         “水雾化幕，御火为安”——高压细水雾防火水幕系统         |  [83.68, 80.97, 80.55, 80.01, 75.0] |   80.04   |     本科生 创意2组    | 81.14715587343656 | 117/119 |
|      |                           好梦腕带                           |  [81.66, 81.55, 80.65, 79.55, 75.0] |   79.68   |     本科生 创意2组    | 80.78217616186188 | 118/119 |
|      |             "源“来如此：智能全自动一体化雨水净化             |  [82.35, 81.44, 80.97, 77.55, 75.0] |   79.46   |     本科生 创意2组    | 80.55913300478845 | 119/119 |
+------+--------------------------------------------------------------+-------------------------------------+-----------+-----------------------+-------------------+---------+
